<testsuites id="" name="" tests="12" failures="12" skipped="0" errors="0" time="161.19554399999998">
<testsuite name="dashboard-refactor.spec.ts" timestamp="2026-02-16T15:20:54.906Z" hostname="chromium" tests="4" failures="4" skipped="0" time="79.717" errors="0">
<testcase name="ðŸ“Š Dashboard Refactor â€º should display personalized header and progress bar" classname="dashboard-refactor.spec.ts" time="22.12">
<failure message="dashboard-refactor.spec.ts:11:3 should display personalized header and progress bar" type="FAILURE">
<![CDATA[  [chromium] â€º dashboard-refactor.spec.ts:11:3 â€º ðŸ“Š Dashboard Refactor â€º should display personalized header and progress bar 

    Error: expect(locator).toContainText(expected) failed

    Locator: locator('h1')
    Expected substring: "Bonjour"
    Timeout: 15000ms
    Error: element(s) not found

    Call log:
      - Expect "toContainText" with timeout 15000ms
      - waiting for locator('h1')


      12 |   test('should display personalized header and progress bar', async ({ page }) => {
      13 |     const header = page.locator('h1');
    > 14 |     await expect(header).toContainText('Bonjour');
         |                          ^
      15 |     
      16 |     const subtitle = page.locator('text=Votre espace de pilotage acadÃ©mique et professionnel.');
      17 |     await expect(subtitle).toBeVisible();
        at C:\TrailLearn\tests\e2e\dashboard-refactor.spec.ts:14:26

    attachment #1: screenshot (image/png) â”€â”€â”€â”€â”€â”€â”€â”€â”€â”€â”€â”€â”€â”€â”€â”€â”€â”€â”€â”€â”€â”€â”€â”€â”€â”€â”€â”€â”€â”€â”€â”€â”€â”€â”€â”€â”€â”€â”€â”€â”€â”€â”€â”€â”€â”€â”€â”€â”€â”€â”€â”€â”€â”€â”€â”€â”€â”€
    ..\..\test-results\dashboard-refactor-ðŸ“Š-Dash-d23e2-zed-header-and-progress-bar-chromium\test-failed-1.png
    â”€â”€â”€â”€â”€â”€â”€â”€â”€â”€â”€â”€â”€â”€â”€â”€â”€â”€â”€â”€â”€â”€â”€â”€â”€â”€â”€â”€â”€â”€â”€â”€â”€â”€â”€â”€â”€â”€â”€â”€â”€â”€â”€â”€â”€â”€â”€â”€â”€â”€â”€â”€â”€â”€â”€â”€â”€â”€â”€â”€â”€â”€â”€â”€â”€â”€â”€â”€â”€â”€â”€â”€â”€â”€â”€â”€â”€â”€â”€â”€â”€â”€â”€â”€â”€â”€â”€â”€â”€â”€â”€â”€â”€â”€â”€â”€

    attachment #2: video (video/webm) â”€â”€â”€â”€â”€â”€â”€â”€â”€â”€â”€â”€â”€â”€â”€â”€â”€â”€â”€â”€â”€â”€â”€â”€â”€â”€â”€â”€â”€â”€â”€â”€â”€â”€â”€â”€â”€â”€â”€â”€â”€â”€â”€â”€â”€â”€â”€â”€â”€â”€â”€â”€â”€â”€â”€â”€â”€â”€â”€â”€â”€â”€
    ..\..\test-results\dashboard-refactor-ðŸ“Š-Dash-d23e2-zed-header-and-progress-bar-chromium\video.webm
    â”€â”€â”€â”€â”€â”€â”€â”€â”€â”€â”€â”€â”€â”€â”€â”€â”€â”€â”€â”€â”€â”€â”€â”€â”€â”€â”€â”€â”€â”€â”€â”€â”€â”€â”€â”€â”€â”€â”€â”€â”€â”€â”€â”€â”€â”€â”€â”€â”€â”€â”€â”€â”€â”€â”€â”€â”€â”€â”€â”€â”€â”€â”€â”€â”€â”€â”€â”€â”€â”€â”€â”€â”€â”€â”€â”€â”€â”€â”€â”€â”€â”€â”€â”€â”€â”€â”€â”€â”€â”€â”€â”€â”€â”€â”€â”€

    Error Context: ..\..\test-results\dashboard-refactor-ðŸ“Š-Dash-d23e2-zed-header-and-progress-bar-chromium\error-context.md

    attachment #4: trace (application/zip) â”€â”€â”€â”€â”€â”€â”€â”€â”€â”€â”€â”€â”€â”€â”€â”€â”€â”€â”€â”€â”€â”€â”€â”€â”€â”€â”€â”€â”€â”€â”€â”€â”€â”€â”€â”€â”€â”€â”€â”€â”€â”€â”€â”€â”€â”€â”€â”€â”€â”€â”€â”€â”€â”€â”€â”€â”€
    ..\..\test-results\dashboard-refactor-ðŸ“Š-Dash-d23e2-zed-header-and-progress-bar-chromium\trace.zip
    Usage:

        npx playwright show-trace ..\..\test-results\dashboard-refactor-ðŸ“Š-Dash-d23e2-zed-header-and-progress-bar-chromium\trace.zip

    â”€â”€â”€â”€â”€â”€â”€â”€â”€â”€â”€â”€â”€â”€â”€â”€â”€â”€â”€â”€â”€â”€â”€â”€â”€â”€â”€â”€â”€â”€â”€â”€â”€â”€â”€â”€â”€â”€â”€â”€â”€â”€â”€â”€â”€â”€â”€â”€â”€â”€â”€â”€â”€â”€â”€â”€â”€â”€â”€â”€â”€â”€â”€â”€â”€â”€â”€â”€â”€â”€â”€â”€â”€â”€â”€â”€â”€â”€â”€â”€â”€â”€â”€â”€â”€â”€â”€â”€â”€â”€â”€â”€â”€â”€â”€â”€
]]>
</failure>
<system-out>
<![CDATA[
[[ATTACHMENT|dashboard-refactor-ðŸ“Š-Dash-d23e2-zed-header-and-progress-bar-chromium\test-failed-1.png]]

[[ATTACHMENT|dashboard-refactor-ðŸ“Š-Dash-d23e2-zed-header-and-progress-bar-chromium\video.webm]]

[[ATTACHMENT|dashboard-refactor-ðŸ“Š-Dash-d23e2-zed-header-and-progress-bar-chromium\error-context.md]]

[[ATTACHMENT|dashboard-refactor-ðŸ“Š-Dash-d23e2-zed-header-and-progress-bar-chromium\trace.zip]]
]]>
</system-out>
</testcase>
<testcase name="ðŸ“Š Dashboard Refactor â€º should display the 4 feature cards" classname="dashboard-refactor.spec.ts" time="22.081">
<failure message="dashboard-refactor.spec.ts:22:3 should display the 4 feature cards" type="FAILURE">
<![CDATA[  [chromium] â€º dashboard-refactor.spec.ts:22:3 â€º ðŸ“Š Dashboard Refactor â€º should display the 4 feature cards 

    Error: expect(locator).toBeVisible() failed

    Locator: locator('text=Coach IA â€“ Miroir Lucide')
    Expected: visible
    Timeout: 15000ms
    Error: element(s) not found

    Call log:
      - Expect "toBeVisible" with timeout 15000ms
      - waiting for locator('text=Coach IA â€“ Miroir Lucide')


      24 |   test('should display the 4 feature cards', async ({ page }) => {
      25 |     const coachCard = page.locator('text=Coach IA â€“ Miroir Lucide');
    > 26 |     await expect(coachCard).toBeVisible();
         |                             ^
      27 |
      28 |     const dvpCard = page.locator('text=DVP â€“ Dossier de ViabilitÃ©');
      29 |     await expect(dvpCard).toBeVisible();
        at C:\TrailLearn\tests\e2e\dashboard-refactor.spec.ts:26:29

    attachment #1: screenshot (image/png) â”€â”€â”€â”€â”€â”€â”€â”€â”€â”€â”€â”€â”€â”€â”€â”€â”€â”€â”€â”€â”€â”€â”€â”€â”€â”€â”€â”€â”€â”€â”€â”€â”€â”€â”€â”€â”€â”€â”€â”€â”€â”€â”€â”€â”€â”€â”€â”€â”€â”€â”€â”€â”€â”€â”€â”€â”€â”€
    ..\..\test-results\dashboard-refactor-ðŸ“Š-Dash-ce2ac-display-the-4-feature-cards-chromium\test-failed-1.png
    â”€â”€â”€â”€â”€â”€â”€â”€â”€â”€â”€â”€â”€â”€â”€â”€â”€â”€â”€â”€â”€â”€â”€â”€â”€â”€â”€â”€â”€â”€â”€â”€â”€â”€â”€â”€â”€â”€â”€â”€â”€â”€â”€â”€â”€â”€â”€â”€â”€â”€â”€â”€â”€â”€â”€â”€â”€â”€â”€â”€â”€â”€â”€â”€â”€â”€â”€â”€â”€â”€â”€â”€â”€â”€â”€â”€â”€â”€â”€â”€â”€â”€â”€â”€â”€â”€â”€â”€â”€â”€â”€â”€â”€â”€â”€â”€

    attachment #2: video (video/webm) â”€â”€â”€â”€â”€â”€â”€â”€â”€â”€â”€â”€â”€â”€â”€â”€â”€â”€â”€â”€â”€â”€â”€â”€â”€â”€â”€â”€â”€â”€â”€â”€â”€â”€â”€â”€â”€â”€â”€â”€â”€â”€â”€â”€â”€â”€â”€â”€â”€â”€â”€â”€â”€â”€â”€â”€â”€â”€â”€â”€â”€â”€
    ..\..\test-results\dashboard-refactor-ðŸ“Š-Dash-ce2ac-display-the-4-feature-cards-chromium\video.webm
    â”€â”€â”€â”€â”€â”€â”€â”€â”€â”€â”€â”€â”€â”€â”€â”€â”€â”€â”€â”€â”€â”€â”€â”€â”€â”€â”€â”€â”€â”€â”€â”€â”€â”€â”€â”€â”€â”€â”€â”€â”€â”€â”€â”€â”€â”€â”€â”€â”€â”€â”€â”€â”€â”€â”€â”€â”€â”€â”€â”€â”€â”€â”€â”€â”€â”€â”€â”€â”€â”€â”€â”€â”€â”€â”€â”€â”€â”€â”€â”€â”€â”€â”€â”€â”€â”€â”€â”€â”€â”€â”€â”€â”€â”€â”€â”€

    Error Context: ..\..\test-results\dashboard-refactor-ðŸ“Š-Dash-ce2ac-display-the-4-feature-cards-chromium\error-context.md

    attachment #4: trace (application/zip) â”€â”€â”€â”€â”€â”€â”€â”€â”€â”€â”€â”€â”€â”€â”€â”€â”€â”€â”€â”€â”€â”€â”€â”€â”€â”€â”€â”€â”€â”€â”€â”€â”€â”€â”€â”€â”€â”€â”€â”€â”€â”€â”€â”€â”€â”€â”€â”€â”€â”€â”€â”€â”€â”€â”€â”€â”€
    ..\..\test-results\dashboard-refactor-ðŸ“Š-Dash-ce2ac-display-the-4-feature-cards-chromium\trace.zip
    Usage:

        npx playwright show-trace ..\..\test-results\dashboard-refactor-ðŸ“Š-Dash-ce2ac-display-the-4-feature-cards-chromium\trace.zip

    â”€â”€â”€â”€â”€â”€â”€â”€â”€â”€â”€â”€â”€â”€â”€â”€â”€â”€â”€â”€â”€â”€â”€â”€â”€â”€â”€â”€â”€â”€â”€â”€â”€â”€â”€â”€â”€â”€â”€â”€â”€â”€â”€â”€â”€â”€â”€â”€â”€â”€â”€â”€â”€â”€â”€â”€â”€â”€â”€â”€â”€â”€â”€â”€â”€â”€â”€â”€â”€â”€â”€â”€â”€â”€â”€â”€â”€â”€â”€â”€â”€â”€â”€â”€â”€â”€â”€â”€â”€â”€â”€â”€â”€â”€â”€â”€
]]>
</failure>
<system-out>
<![CDATA[
[[ATTACHMENT|dashboard-refactor-ðŸ“Š-Dash-ce2ac-display-the-4-feature-cards-chromium\test-failed-1.png]]

[[ATTACHMENT|dashboard-refactor-ðŸ“Š-Dash-ce2ac-display-the-4-feature-cards-chromium\video.webm]]

[[ATTACHMENT|dashboard-refactor-ðŸ“Š-Dash-ce2ac-display-the-4-feature-cards-chromium\error-context.md]]

[[ATTACHMENT|dashboard-refactor-ðŸ“Š-Dash-ce2ac-display-the-4-feature-cards-chromium\trace.zip]]
]]>
</system-out>
</testcase>
<testcase name="ðŸ“Š Dashboard Refactor â€º should have working navigation links" classname="dashboard-refactor.spec.ts" time="17.777">
<failure message="dashboard-refactor.spec.ts:34:3 should have working navigation links" type="FAILURE">
<![CDATA[  [chromium] â€º dashboard-refactor.spec.ts:34:3 â€º ðŸ“Š Dashboard Refactor â€º should have working navigation links 

    TimeoutError: page.click: Timeout 15000ms exceeded.
    Call log:
      - waiting for locator('nav').locator('text=OpportunitÃ©s')


      38 |   test('should have working navigation links', async ({ page }) => {
      39 |     // Check Opportunities
    > 40 |     await page.click('nav >> text=OpportunitÃ©s');
         |                ^
      41 |     await expect(page).toHaveURL(/\/dashboard\/opportunities/);
      42 |     await expect(page.locator('h1')).toContainText('OpportunitÃ©s');
      43 |     await expect(page.locator('text=BientÃ´t disponible')).toBeVisible();
        at C:\TrailLearn\tests\e2e\dashboard-refactor.spec.ts:40:16

    attachment #1: screenshot (image/png) â”€â”€â”€â”€â”€â”€â”€â”€â”€â”€â”€â”€â”€â”€â”€â”€â”€â”€â”€â”€â”€â”€â”€â”€â”€â”€â”€â”€â”€â”€â”€â”€â”€â”€â”€â”€â”€â”€â”€â”€â”€â”€â”€â”€â”€â”€â”€â”€â”€â”€â”€â”€â”€â”€â”€â”€â”€â”€
    ..\..\test-results\dashboard-refactor-ðŸ“Š-Dash-57c57-ve-working-navigation-links-chromium\test-failed-1.png
    â”€â”€â”€â”€â”€â”€â”€â”€â”€â”€â”€â”€â”€â”€â”€â”€â”€â”€â”€â”€â”€â”€â”€â”€â”€â”€â”€â”€â”€â”€â”€â”€â”€â”€â”€â”€â”€â”€â”€â”€â”€â”€â”€â”€â”€â”€â”€â”€â”€â”€â”€â”€â”€â”€â”€â”€â”€â”€â”€â”€â”€â”€â”€â”€â”€â”€â”€â”€â”€â”€â”€â”€â”€â”€â”€â”€â”€â”€â”€â”€â”€â”€â”€â”€â”€â”€â”€â”€â”€â”€â”€â”€â”€â”€â”€â”€

    attachment #2: video (video/webm) â”€â”€â”€â”€â”€â”€â”€â”€â”€â”€â”€â”€â”€â”€â”€â”€â”€â”€â”€â”€â”€â”€â”€â”€â”€â”€â”€â”€â”€â”€â”€â”€â”€â”€â”€â”€â”€â”€â”€â”€â”€â”€â”€â”€â”€â”€â”€â”€â”€â”€â”€â”€â”€â”€â”€â”€â”€â”€â”€â”€â”€â”€
    ..\..\test-results\dashboard-refactor-ðŸ“Š-Dash-57c57-ve-working-navigation-links-chromium\video.webm
    â”€â”€â”€â”€â”€â”€â”€â”€â”€â”€â”€â”€â”€â”€â”€â”€â”€â”€â”€â”€â”€â”€â”€â”€â”€â”€â”€â”€â”€â”€â”€â”€â”€â”€â”€â”€â”€â”€â”€â”€â”€â”€â”€â”€â”€â”€â”€â”€â”€â”€â”€â”€â”€â”€â”€â”€â”€â”€â”€â”€â”€â”€â”€â”€â”€â”€â”€â”€â”€â”€â”€â”€â”€â”€â”€â”€â”€â”€â”€â”€â”€â”€â”€â”€â”€â”€â”€â”€â”€â”€â”€â”€â”€â”€â”€â”€

    Error Context: ..\..\test-results\dashboard-refactor-ðŸ“Š-Dash-57c57-ve-working-navigation-links-chromium\error-context.md

    attachment #4: trace (application/zip) â”€â”€â”€â”€â”€â”€â”€â”€â”€â”€â”€â”€â”€â”€â”€â”€â”€â”€â”€â”€â”€â”€â”€â”€â”€â”€â”€â”€â”€â”€â”€â”€â”€â”€â”€â”€â”€â”€â”€â”€â”€â”€â”€â”€â”€â”€â”€â”€â”€â”€â”€â”€â”€â”€â”€â”€â”€
    ..\..\test-results\dashboard-refactor-ðŸ“Š-Dash-57c57-ve-working-navigation-links-chromium\trace.zip
    Usage:

        npx playwright show-trace ..\..\test-results\dashboard-refactor-ðŸ“Š-Dash-57c57-ve-working-navigation-links-chromium\trace.zip

    â”€â”€â”€â”€â”€â”€â”€â”€â”€â”€â”€â”€â”€â”€â”€â”€â”€â”€â”€â”€â”€â”€â”€â”€â”€â”€â”€â”€â”€â”€â”€â”€â”€â”€â”€â”€â”€â”€â”€â”€â”€â”€â”€â”€â”€â”€â”€â”€â”€â”€â”€â”€â”€â”€â”€â”€â”€â”€â”€â”€â”€â”€â”€â”€â”€â”€â”€â”€â”€â”€â”€â”€â”€â”€â”€â”€â”€â”€â”€â”€â”€â”€â”€â”€â”€â”€â”€â”€â”€â”€â”€â”€â”€â”€â”€â”€
]]>
</failure>
<system-out>
<![CDATA[
[[ATTACHMENT|dashboard-refactor-ðŸ“Š-Dash-57c57-ve-working-navigation-links-chromium\test-failed-1.png]]

[[ATTACHMENT|dashboard-refactor-ðŸ“Š-Dash-57c57-ve-working-navigation-links-chromium\video.webm]]

[[ATTACHMENT|dashboard-refactor-ðŸ“Š-Dash-57c57-ve-working-navigation-links-chromium\error-context.md]]

[[ATTACHMENT|dashboard-refactor-ðŸ“Š-Dash-57c57-ve-working-navigation-links-chromium\trace.zip]]
]]>
</system-out>
</testcase>
<testcase name="ðŸ“Š Dashboard Refactor â€º should have disabled links for preview features in navbar" classname="dashboard-refactor.spec.ts" time="17.739">
<failure message="dashboard-refactor.spec.ts:49:3 should have disabled links for preview features in navbar" type="FAILURE">
<![CDATA[  [chromium] â€º dashboard-refactor.spec.ts:49:3 â€º ðŸ“Š Dashboard Refactor â€º should have disabled links for preview features in navbar 

    Error: expect(locator).toHaveClass(expected) failed

    Locator: locator('nav').locator('text=Mon DVP')
    Expected pattern: /cursor-not-allowed/
    Timeout: 15000ms
    Error: element(s) not found

    Call log:
      - Expect "toHaveClass" with timeout 15000ms
      - waiting for locator('nav').locator('text=Mon DVP')


      52 |   test('should have disabled links for preview features in navbar', async ({ page }) => {
      53 |     const dvpLink = page.locator('nav >> text=Mon DVP');
    > 54 |     await expect(dvpLink).toHaveClass(/cursor-not-allowed/);
         |                           ^
      55 |   });
      56 | });
      57 |
        at C:\TrailLearn\tests\e2e\dashboard-refactor.spec.ts:54:27

    attachment #1: screenshot (image/png) â”€â”€â”€â”€â”€â”€â”€â”€â”€â”€â”€â”€â”€â”€â”€â”€â”€â”€â”€â”€â”€â”€â”€â”€â”€â”€â”€â”€â”€â”€â”€â”€â”€â”€â”€â”€â”€â”€â”€â”€â”€â”€â”€â”€â”€â”€â”€â”€â”€â”€â”€â”€â”€â”€â”€â”€â”€â”€
    ..\..\test-results\dashboard-refactor-ðŸ“Š-Dash-274ac--preview-features-in-navbar-chromium\test-failed-1.png
    â”€â”€â”€â”€â”€â”€â”€â”€â”€â”€â”€â”€â”€â”€â”€â”€â”€â”€â”€â”€â”€â”€â”€â”€â”€â”€â”€â”€â”€â”€â”€â”€â”€â”€â”€â”€â”€â”€â”€â”€â”€â”€â”€â”€â”€â”€â”€â”€â”€â”€â”€â”€â”€â”€â”€â”€â”€â”€â”€â”€â”€â”€â”€â”€â”€â”€â”€â”€â”€â”€â”€â”€â”€â”€â”€â”€â”€â”€â”€â”€â”€â”€â”€â”€â”€â”€â”€â”€â”€â”€â”€â”€â”€â”€â”€â”€

    attachment #2: video (video/webm) â”€â”€â”€â”€â”€â”€â”€â”€â”€â”€â”€â”€â”€â”€â”€â”€â”€â”€â”€â”€â”€â”€â”€â”€â”€â”€â”€â”€â”€â”€â”€â”€â”€â”€â”€â”€â”€â”€â”€â”€â”€â”€â”€â”€â”€â”€â”€â”€â”€â”€â”€â”€â”€â”€â”€â”€â”€â”€â”€â”€â”€â”€
    ..\..\test-results\dashboard-refactor-ðŸ“Š-Dash-274ac--preview-features-in-navbar-chromium\video.webm
    â”€â”€â”€â”€â”€â”€â”€â”€â”€â”€â”€â”€â”€â”€â”€â”€â”€â”€â”€â”€â”€â”€â”€â”€â”€â”€â”€â”€â”€â”€â”€â”€â”€â”€â”€â”€â”€â”€â”€â”€â”€â”€â”€â”€â”€â”€â”€â”€â”€â”€â”€â”€â”€â”€â”€â”€â”€â”€â”€â”€â”€â”€â”€â”€â”€â”€â”€â”€â”€â”€â”€â”€â”€â”€â”€â”€â”€â”€â”€â”€â”€â”€â”€â”€â”€â”€â”€â”€â”€â”€â”€â”€â”€â”€â”€â”€

    Error Context: ..\..\test-results\dashboard-refactor-ðŸ“Š-Dash-274ac--preview-features-in-navbar-chromium\error-context.md

    attachment #4: trace (application/zip) â”€â”€â”€â”€â”€â”€â”€â”€â”€â”€â”€â”€â”€â”€â”€â”€â”€â”€â”€â”€â”€â”€â”€â”€â”€â”€â”€â”€â”€â”€â”€â”€â”€â”€â”€â”€â”€â”€â”€â”€â”€â”€â”€â”€â”€â”€â”€â”€â”€â”€â”€â”€â”€â”€â”€â”€â”€
    ..\..\test-results\dashboard-refactor-ðŸ“Š-Dash-274ac--preview-features-in-navbar-chromium\trace.zip
    Usage:

        npx playwright show-trace ..\..\test-results\dashboard-refactor-ðŸ“Š-Dash-274ac--preview-features-in-navbar-chromium\trace.zip

    â”€â”€â”€â”€â”€â”€â”€â”€â”€â”€â”€â”€â”€â”€â”€â”€â”€â”€â”€â”€â”€â”€â”€â”€â”€â”€â”€â”€â”€â”€â”€â”€â”€â”€â”€â”€â”€â”€â”€â”€â”€â”€â”€â”€â”€â”€â”€â”€â”€â”€â”€â”€â”€â”€â”€â”€â”€â”€â”€â”€â”€â”€â”€â”€â”€â”€â”€â”€â”€â”€â”€â”€â”€â”€â”€â”€â”€â”€â”€â”€â”€â”€â”€â”€â”€â”€â”€â”€â”€â”€â”€â”€â”€â”€â”€â”€
]]>
</failure>
<system-out>
<![CDATA[
[[ATTACHMENT|dashboard-refactor-ðŸ“Š-Dash-274ac--preview-features-in-navbar-chromium\test-failed-1.png]]

[[ATTACHMENT|dashboard-refactor-ðŸ“Š-Dash-274ac--preview-features-in-navbar-chromium\video.webm]]

[[ATTACHMENT|dashboard-refactor-ðŸ“Š-Dash-274ac--preview-features-in-navbar-chromium\error-context.md]]

[[ATTACHMENT|dashboard-refactor-ðŸ“Š-Dash-274ac--preview-features-in-navbar-chromium\trace.zip]]
]]>
</system-out>
</testcase>
</testsuite>
<testsuite name="dashboard-refactor.spec.ts" timestamp="2026-02-16T15:20:54.906Z" hostname="firefox" tests="4" failures="4" skipped="0" time="84.789" errors="0">
<testcase name="ðŸ“Š Dashboard Refactor â€º should display personalized header and progress bar" classname="dashboard-refactor.spec.ts" time="21.56">
<failure message="dashboard-refactor.spec.ts:11:3 should display personalized header and progress bar" type="FAILURE">
<![CDATA[  [firefox] â€º dashboard-refactor.spec.ts:11:3 â€º ðŸ“Š Dashboard Refactor â€º should display personalized header and progress bar 

    Error: expect(locator).toContainText(expected) failed

    Locator: locator('h1')
    Expected substring: "Bonjour"
    Timeout: 15000ms
    Error: element(s) not found

    Call log:
      - Expect "toContainText" with timeout 15000ms
      - waiting for locator('h1')


      12 |   test('should display personalized header and progress bar', async ({ page }) => {
      13 |     const header = page.locator('h1');
    > 14 |     await expect(header).toContainText('Bonjour');
         |                          ^
      15 |     
      16 |     const subtitle = page.locator('text=Votre espace de pilotage acadÃ©mique et professionnel.');
      17 |     await expect(subtitle).toBeVisible();
        at C:\TrailLearn\tests\e2e\dashboard-refactor.spec.ts:14:26

    attachment #1: screenshot (image/png) â”€â”€â”€â”€â”€â”€â”€â”€â”€â”€â”€â”€â”€â”€â”€â”€â”€â”€â”€â”€â”€â”€â”€â”€â”€â”€â”€â”€â”€â”€â”€â”€â”€â”€â”€â”€â”€â”€â”€â”€â”€â”€â”€â”€â”€â”€â”€â”€â”€â”€â”€â”€â”€â”€â”€â”€â”€â”€
    ..\..\test-results\dashboard-refactor-ðŸ“Š-Dash-d23e2-zed-header-and-progress-bar-firefox\test-failed-1.png
    â”€â”€â”€â”€â”€â”€â”€â”€â”€â”€â”€â”€â”€â”€â”€â”€â”€â”€â”€â”€â”€â”€â”€â”€â”€â”€â”€â”€â”€â”€â”€â”€â”€â”€â”€â”€â”€â”€â”€â”€â”€â”€â”€â”€â”€â”€â”€â”€â”€â”€â”€â”€â”€â”€â”€â”€â”€â”€â”€â”€â”€â”€â”€â”€â”€â”€â”€â”€â”€â”€â”€â”€â”€â”€â”€â”€â”€â”€â”€â”€â”€â”€â”€â”€â”€â”€â”€â”€â”€â”€â”€â”€â”€â”€â”€â”€

    attachment #2: video (video/webm) â”€â”€â”€â”€â”€â”€â”€â”€â”€â”€â”€â”€â”€â”€â”€â”€â”€â”€â”€â”€â”€â”€â”€â”€â”€â”€â”€â”€â”€â”€â”€â”€â”€â”€â”€â”€â”€â”€â”€â”€â”€â”€â”€â”€â”€â”€â”€â”€â”€â”€â”€â”€â”€â”€â”€â”€â”€â”€â”€â”€â”€â”€
    ..\..\test-results\dashboard-refactor-ðŸ“Š-Dash-d23e2-zed-header-and-progress-bar-firefox\video.webm
    â”€â”€â”€â”€â”€â”€â”€â”€â”€â”€â”€â”€â”€â”€â”€â”€â”€â”€â”€â”€â”€â”€â”€â”€â”€â”€â”€â”€â”€â”€â”€â”€â”€â”€â”€â”€â”€â”€â”€â”€â”€â”€â”€â”€â”€â”€â”€â”€â”€â”€â”€â”€â”€â”€â”€â”€â”€â”€â”€â”€â”€â”€â”€â”€â”€â”€â”€â”€â”€â”€â”€â”€â”€â”€â”€â”€â”€â”€â”€â”€â”€â”€â”€â”€â”€â”€â”€â”€â”€â”€â”€â”€â”€â”€â”€â”€

    Error Context: ..\..\test-results\dashboard-refactor-ðŸ“Š-Dash-d23e2-zed-header-and-progress-bar-firefox\error-context.md

    attachment #4: trace (application/zip) â”€â”€â”€â”€â”€â”€â”€â”€â”€â”€â”€â”€â”€â”€â”€â”€â”€â”€â”€â”€â”€â”€â”€â”€â”€â”€â”€â”€â”€â”€â”€â”€â”€â”€â”€â”€â”€â”€â”€â”€â”€â”€â”€â”€â”€â”€â”€â”€â”€â”€â”€â”€â”€â”€â”€â”€â”€
    ..\..\test-results\dashboard-refactor-ðŸ“Š-Dash-d23e2-zed-header-and-progress-bar-firefox\trace.zip
    Usage:

        npx playwright show-trace ..\..\test-results\dashboard-refactor-ðŸ“Š-Dash-d23e2-zed-header-and-progress-bar-firefox\trace.zip

    â”€â”€â”€â”€â”€â”€â”€â”€â”€â”€â”€â”€â”€â”€â”€â”€â”€â”€â”€â”€â”€â”€â”€â”€â”€â”€â”€â”€â”€â”€â”€â”€â”€â”€â”€â”€â”€â”€â”€â”€â”€â”€â”€â”€â”€â”€â”€â”€â”€â”€â”€â”€â”€â”€â”€â”€â”€â”€â”€â”€â”€â”€â”€â”€â”€â”€â”€â”€â”€â”€â”€â”€â”€â”€â”€â”€â”€â”€â”€â”€â”€â”€â”€â”€â”€â”€â”€â”€â”€â”€â”€â”€â”€â”€â”€â”€
]]>
</failure>
<system-out>
<![CDATA[
[[ATTACHMENT|dashboard-refactor-ðŸ“Š-Dash-d23e2-zed-header-and-progress-bar-firefox\test-failed-1.png]]

[[ATTACHMENT|dashboard-refactor-ðŸ“Š-Dash-d23e2-zed-header-and-progress-bar-firefox\video.webm]]

[[ATTACHMENT|dashboard-refactor-ðŸ“Š-Dash-d23e2-zed-header-and-progress-bar-firefox\error-context.md]]

[[ATTACHMENT|dashboard-refactor-ðŸ“Š-Dash-d23e2-zed-header-and-progress-bar-firefox\trace.zip]]
]]>
</system-out>
</testcase>
<testcase name="ðŸ“Š Dashboard Refactor â€º should display the 4 feature cards" classname="dashboard-refactor.spec.ts" time="21.112">
<failure message="dashboard-refactor.spec.ts:22:3 should display the 4 feature cards" type="FAILURE">
<![CDATA[  [firefox] â€º dashboard-refactor.spec.ts:22:3 â€º ðŸ“Š Dashboard Refactor â€º should display the 4 feature cards 

    Error: expect(locator).toBeVisible() failed

    Locator: locator('text=Coach IA â€“ Miroir Lucide')
    Expected: visible
    Timeout: 15000ms
    Error: element(s) not found

    Call log:
      - Expect "toBeVisible" with timeout 15000ms
      - waiting for locator('text=Coach IA â€“ Miroir Lucide')


      24 |   test('should display the 4 feature cards', async ({ page }) => {
      25 |     const coachCard = page.locator('text=Coach IA â€“ Miroir Lucide');
    > 26 |     await expect(coachCard).toBeVisible();
         |                             ^
      27 |
      28 |     const dvpCard = page.locator('text=DVP â€“ Dossier de ViabilitÃ©');
      29 |     await expect(dvpCard).toBeVisible();
        at C:\TrailLearn\tests\e2e\dashboard-refactor.spec.ts:26:29

    attachment #1: screenshot (image/png) â”€â”€â”€â”€â”€â”€â”€â”€â”€â”€â”€â”€â”€â”€â”€â”€â”€â”€â”€â”€â”€â”€â”€â”€â”€â”€â”€â”€â”€â”€â”€â”€â”€â”€â”€â”€â”€â”€â”€â”€â”€â”€â”€â”€â”€â”€â”€â”€â”€â”€â”€â”€â”€â”€â”€â”€â”€â”€
    ..\..\test-results\dashboard-refactor-ðŸ“Š-Dash-ce2ac-display-the-4-feature-cards-firefox\test-failed-1.png
    â”€â”€â”€â”€â”€â”€â”€â”€â”€â”€â”€â”€â”€â”€â”€â”€â”€â”€â”€â”€â”€â”€â”€â”€â”€â”€â”€â”€â”€â”€â”€â”€â”€â”€â”€â”€â”€â”€â”€â”€â”€â”€â”€â”€â”€â”€â”€â”€â”€â”€â”€â”€â”€â”€â”€â”€â”€â”€â”€â”€â”€â”€â”€â”€â”€â”€â”€â”€â”€â”€â”€â”€â”€â”€â”€â”€â”€â”€â”€â”€â”€â”€â”€â”€â”€â”€â”€â”€â”€â”€â”€â”€â”€â”€â”€â”€

    attachment #2: video (video/webm) â”€â”€â”€â”€â”€â”€â”€â”€â”€â”€â”€â”€â”€â”€â”€â”€â”€â”€â”€â”€â”€â”€â”€â”€â”€â”€â”€â”€â”€â”€â”€â”€â”€â”€â”€â”€â”€â”€â”€â”€â”€â”€â”€â”€â”€â”€â”€â”€â”€â”€â”€â”€â”€â”€â”€â”€â”€â”€â”€â”€â”€â”€
    ..\..\test-results\dashboard-refactor-ðŸ“Š-Dash-ce2ac-display-the-4-feature-cards-firefox\video.webm
    â”€â”€â”€â”€â”€â”€â”€â”€â”€â”€â”€â”€â”€â”€â”€â”€â”€â”€â”€â”€â”€â”€â”€â”€â”€â”€â”€â”€â”€â”€â”€â”€â”€â”€â”€â”€â”€â”€â”€â”€â”€â”€â”€â”€â”€â”€â”€â”€â”€â”€â”€â”€â”€â”€â”€â”€â”€â”€â”€â”€â”€â”€â”€â”€â”€â”€â”€â”€â”€â”€â”€â”€â”€â”€â”€â”€â”€â”€â”€â”€â”€â”€â”€â”€â”€â”€â”€â”€â”€â”€â”€â”€â”€â”€â”€â”€

    Error Context: ..\..\test-results\dashboard-refactor-ðŸ“Š-Dash-ce2ac-display-the-4-feature-cards-firefox\error-context.md

    attachment #4: trace (application/zip) â”€â”€â”€â”€â”€â”€â”€â”€â”€â”€â”€â”€â”€â”€â”€â”€â”€â”€â”€â”€â”€â”€â”€â”€â”€â”€â”€â”€â”€â”€â”€â”€â”€â”€â”€â”€â”€â”€â”€â”€â”€â”€â”€â”€â”€â”€â”€â”€â”€â”€â”€â”€â”€â”€â”€â”€â”€
    ..\..\test-results\dashboard-refactor-ðŸ“Š-Dash-ce2ac-display-the-4-feature-cards-firefox\trace.zip
    Usage:

        npx playwright show-trace ..\..\test-results\dashboard-refactor-ðŸ“Š-Dash-ce2ac-display-the-4-feature-cards-firefox\trace.zip

    â”€â”€â”€â”€â”€â”€â”€â”€â”€â”€â”€â”€â”€â”€â”€â”€â”€â”€â”€â”€â”€â”€â”€â”€â”€â”€â”€â”€â”€â”€â”€â”€â”€â”€â”€â”€â”€â”€â”€â”€â”€â”€â”€â”€â”€â”€â”€â”€â”€â”€â”€â”€â”€â”€â”€â”€â”€â”€â”€â”€â”€â”€â”€â”€â”€â”€â”€â”€â”€â”€â”€â”€â”€â”€â”€â”€â”€â”€â”€â”€â”€â”€â”€â”€â”€â”€â”€â”€â”€â”€â”€â”€â”€â”€â”€â”€
]]>
</failure>
<system-out>
<![CDATA[
[[ATTACHMENT|dashboard-refactor-ðŸ“Š-Dash-ce2ac-display-the-4-feature-cards-firefox\test-failed-1.png]]

[[ATTACHMENT|dashboard-refactor-ðŸ“Š-Dash-ce2ac-display-the-4-feature-cards-firefox\video.webm]]

[[ATTACHMENT|dashboard-refactor-ðŸ“Š-Dash-ce2ac-display-the-4-feature-cards-firefox\error-context.md]]

[[ATTACHMENT|dashboard-refactor-ðŸ“Š-Dash-ce2ac-display-the-4-feature-cards-firefox\trace.zip]]
]]>
</system-out>
</testcase>
<testcase name="ðŸ“Š Dashboard Refactor â€º should have working navigation links" classname="dashboard-refactor.spec.ts" time="21.091">
<failure message="dashboard-refactor.spec.ts:34:3 should have working navigation links" type="FAILURE">
<![CDATA[  [firefox] â€º dashboard-refactor.spec.ts:34:3 â€º ðŸ“Š Dashboard Refactor â€º should have working navigation links 

    TimeoutError: page.click: Timeout 15000ms exceeded.
    Call log:
      - waiting for locator('nav').locator('text=OpportunitÃ©s')


      38 |   test('should have working navigation links', async ({ page }) => {
      39 |     // Check Opportunities
    > 40 |     await page.click('nav >> text=OpportunitÃ©s');
         |                ^
      41 |     await expect(page).toHaveURL(/\/dashboard\/opportunities/);
      42 |     await expect(page.locator('h1')).toContainText('OpportunitÃ©s');
      43 |     await expect(page.locator('text=BientÃ´t disponible')).toBeVisible();
        at C:\TrailLearn\tests\e2e\dashboard-refactor.spec.ts:40:16

    attachment #1: screenshot (image/png) â”€â”€â”€â”€â”€â”€â”€â”€â”€â”€â”€â”€â”€â”€â”€â”€â”€â”€â”€â”€â”€â”€â”€â”€â”€â”€â”€â”€â”€â”€â”€â”€â”€â”€â”€â”€â”€â”€â”€â”€â”€â”€â”€â”€â”€â”€â”€â”€â”€â”€â”€â”€â”€â”€â”€â”€â”€â”€
    ..\..\test-results\dashboard-refactor-ðŸ“Š-Dash-57c57-ve-working-navigation-links-firefox\test-failed-1.png
    â”€â”€â”€â”€â”€â”€â”€â”€â”€â”€â”€â”€â”€â”€â”€â”€â”€â”€â”€â”€â”€â”€â”€â”€â”€â”€â”€â”€â”€â”€â”€â”€â”€â”€â”€â”€â”€â”€â”€â”€â”€â”€â”€â”€â”€â”€â”€â”€â”€â”€â”€â”€â”€â”€â”€â”€â”€â”€â”€â”€â”€â”€â”€â”€â”€â”€â”€â”€â”€â”€â”€â”€â”€â”€â”€â”€â”€â”€â”€â”€â”€â”€â”€â”€â”€â”€â”€â”€â”€â”€â”€â”€â”€â”€â”€â”€

    attachment #2: video (video/webm) â”€â”€â”€â”€â”€â”€â”€â”€â”€â”€â”€â”€â”€â”€â”€â”€â”€â”€â”€â”€â”€â”€â”€â”€â”€â”€â”€â”€â”€â”€â”€â”€â”€â”€â”€â”€â”€â”€â”€â”€â”€â”€â”€â”€â”€â”€â”€â”€â”€â”€â”€â”€â”€â”€â”€â”€â”€â”€â”€â”€â”€â”€
    ..\..\test-results\dashboard-refactor-ðŸ“Š-Dash-57c57-ve-working-navigation-links-firefox\video.webm
    â”€â”€â”€â”€â”€â”€â”€â”€â”€â”€â”€â”€â”€â”€â”€â”€â”€â”€â”€â”€â”€â”€â”€â”€â”€â”€â”€â”€â”€â”€â”€â”€â”€â”€â”€â”€â”€â”€â”€â”€â”€â”€â”€â”€â”€â”€â”€â”€â”€â”€â”€â”€â”€â”€â”€â”€â”€â”€â”€â”€â”€â”€â”€â”€â”€â”€â”€â”€â”€â”€â”€â”€â”€â”€â”€â”€â”€â”€â”€â”€â”€â”€â”€â”€â”€â”€â”€â”€â”€â”€â”€â”€â”€â”€â”€â”€

    Error Context: ..\..\test-results\dashboard-refactor-ðŸ“Š-Dash-57c57-ve-working-navigation-links-firefox\error-context.md

    attachment #4: trace (application/zip) â”€â”€â”€â”€â”€â”€â”€â”€â”€â”€â”€â”€â”€â”€â”€â”€â”€â”€â”€â”€â”€â”€â”€â”€â”€â”€â”€â”€â”€â”€â”€â”€â”€â”€â”€â”€â”€â”€â”€â”€â”€â”€â”€â”€â”€â”€â”€â”€â”€â”€â”€â”€â”€â”€â”€â”€â”€
    ..\..\test-results\dashboard-refactor-ðŸ“Š-Dash-57c57-ve-working-navigation-links-firefox\trace.zip
    Usage:

        npx playwright show-trace ..\..\test-results\dashboard-refactor-ðŸ“Š-Dash-57c57-ve-working-navigation-links-firefox\trace.zip

    â”€â”€â”€â”€â”€â”€â”€â”€â”€â”€â”€â”€â”€â”€â”€â”€â”€â”€â”€â”€â”€â”€â”€â”€â”€â”€â”€â”€â”€â”€â”€â”€â”€â”€â”€â”€â”€â”€â”€â”€â”€â”€â”€â”€â”€â”€â”€â”€â”€â”€â”€â”€â”€â”€â”€â”€â”€â”€â”€â”€â”€â”€â”€â”€â”€â”€â”€â”€â”€â”€â”€â”€â”€â”€â”€â”€â”€â”€â”€â”€â”€â”€â”€â”€â”€â”€â”€â”€â”€â”€â”€â”€â”€â”€â”€â”€
]]>
</failure>
<system-out>
<![CDATA[
[[ATTACHMENT|dashboard-refactor-ðŸ“Š-Dash-57c57-ve-working-navigation-links-firefox\test-failed-1.png]]

[[ATTACHMENT|dashboard-refactor-ðŸ“Š-Dash-57c57-ve-working-navigation-links-firefox\video.webm]]

[[ATTACHMENT|dashboard-refactor-ðŸ“Š-Dash-57c57-ve-working-navigation-links-firefox\error-context.md]]

[[ATTACHMENT|dashboard-refactor-ðŸ“Š-Dash-57c57-ve-working-navigation-links-firefox\trace.zip]]
]]>
</system-out>
</testcase>
<testcase name="ðŸ“Š Dashboard Refactor â€º should have disabled links for preview features in navbar" classname="dashboard-refactor.spec.ts" time="21.026">
<failure message="dashboard-refactor.spec.ts:49:3 should have disabled links for preview features in navbar" type="FAILURE">
<![CDATA[  [firefox] â€º dashboard-refactor.spec.ts:49:3 â€º ðŸ“Š Dashboard Refactor â€º should have disabled links for preview features in navbar 

    Error: expect(locator).toHaveClass(expected) failed

    Locator: locator('nav').locator('text=Mon DVP')
    Expected pattern: /cursor-not-allowed/
    Timeout: 15000ms
    Error: element(s) not found

    Call log:
      - Expect "toHaveClass" with timeout 15000ms
      - waiting for locator('nav').locator('text=Mon DVP')


      52 |   test('should have disabled links for preview features in navbar', async ({ page }) => {
      53 |     const dvpLink = page.locator('nav >> text=Mon DVP');
    > 54 |     await expect(dvpLink).toHaveClass(/cursor-not-allowed/);
         |                           ^
      55 |   });
      56 | });
      57 |
        at C:\TrailLearn\tests\e2e\dashboard-refactor.spec.ts:54:27

    attachment #1: screenshot (image/png) â”€â”€â”€â”€â”€â”€â”€â”€â”€â”€â”€â”€â”€â”€â”€â”€â”€â”€â”€â”€â”€â”€â”€â”€â”€â”€â”€â”€â”€â”€â”€â”€â”€â”€â”€â”€â”€â”€â”€â”€â”€â”€â”€â”€â”€â”€â”€â”€â”€â”€â”€â”€â”€â”€â”€â”€â”€â”€
    ..\..\test-results\dashboard-refactor-ðŸ“Š-Dash-274ac--preview-features-in-navbar-firefox\test-failed-1.png
    â”€â”€â”€â”€â”€â”€â”€â”€â”€â”€â”€â”€â”€â”€â”€â”€â”€â”€â”€â”€â”€â”€â”€â”€â”€â”€â”€â”€â”€â”€â”€â”€â”€â”€â”€â”€â”€â”€â”€â”€â”€â”€â”€â”€â”€â”€â”€â”€â”€â”€â”€â”€â”€â”€â”€â”€â”€â”€â”€â”€â”€â”€â”€â”€â”€â”€â”€â”€â”€â”€â”€â”€â”€â”€â”€â”€â”€â”€â”€â”€â”€â”€â”€â”€â”€â”€â”€â”€â”€â”€â”€â”€â”€â”€â”€â”€

    attachment #2: video (video/webm) â”€â”€â”€â”€â”€â”€â”€â”€â”€â”€â”€â”€â”€â”€â”€â”€â”€â”€â”€â”€â”€â”€â”€â”€â”€â”€â”€â”€â”€â”€â”€â”€â”€â”€â”€â”€â”€â”€â”€â”€â”€â”€â”€â”€â”€â”€â”€â”€â”€â”€â”€â”€â”€â”€â”€â”€â”€â”€â”€â”€â”€â”€
    ..\..\test-results\dashboard-refactor-ðŸ“Š-Dash-274ac--preview-features-in-navbar-firefox\video.webm
    â”€â”€â”€â”€â”€â”€â”€â”€â”€â”€â”€â”€â”€â”€â”€â”€â”€â”€â”€â”€â”€â”€â”€â”€â”€â”€â”€â”€â”€â”€â”€â”€â”€â”€â”€â”€â”€â”€â”€â”€â”€â”€â”€â”€â”€â”€â”€â”€â”€â”€â”€â”€â”€â”€â”€â”€â”€â”€â”€â”€â”€â”€â”€â”€â”€â”€â”€â”€â”€â”€â”€â”€â”€â”€â”€â”€â”€â”€â”€â”€â”€â”€â”€â”€â”€â”€â”€â”€â”€â”€â”€â”€â”€â”€â”€â”€

    Error Context: ..\..\test-results\dashboard-refactor-ðŸ“Š-Dash-274ac--preview-features-in-navbar-firefox\error-context.md

    attachment #4: trace (application/zip) â”€â”€â”€â”€â”€â”€â”€â”€â”€â”€â”€â”€â”€â”€â”€â”€â”€â”€â”€â”€â”€â”€â”€â”€â”€â”€â”€â”€â”€â”€â”€â”€â”€â”€â”€â”€â”€â”€â”€â”€â”€â”€â”€â”€â”€â”€â”€â”€â”€â”€â”€â”€â”€â”€â”€â”€â”€
    ..\..\test-results\dashboard-refactor-ðŸ“Š-Dash-274ac--preview-features-in-navbar-firefox\trace.zip
    Usage:

        npx playwright show-trace ..\..\test-results\dashboard-refactor-ðŸ“Š-Dash-274ac--preview-features-in-navbar-firefox\trace.zip

    â”€â”€â”€â”€â”€â”€â”€â”€â”€â”€â”€â”€â”€â”€â”€â”€â”€â”€â”€â”€â”€â”€â”€â”€â”€â”€â”€â”€â”€â”€â”€â”€â”€â”€â”€â”€â”€â”€â”€â”€â”€â”€â”€â”€â”€â”€â”€â”€â”€â”€â”€â”€â”€â”€â”€â”€â”€â”€â”€â”€â”€â”€â”€â”€â”€â”€â”€â”€â”€â”€â”€â”€â”€â”€â”€â”€â”€â”€â”€â”€â”€â”€â”€â”€â”€â”€â”€â”€â”€â”€â”€â”€â”€â”€â”€â”€
]]>
</failure>
<system-out>
<![CDATA[
[[ATTACHMENT|dashboard-refactor-ðŸ“Š-Dash-274ac--preview-features-in-navbar-firefox\test-failed-1.png]]

[[ATTACHMENT|dashboard-refactor-ðŸ“Š-Dash-274ac--preview-features-in-navbar-firefox\video.webm]]

[[ATTACHMENT|dashboard-refactor-ðŸ“Š-Dash-274ac--preview-features-in-navbar-firefox\error-context.md]]

[[ATTACHMENT|dashboard-refactor-ðŸ“Š-Dash-274ac--preview-features-in-navbar-firefox\trace.zip]]
]]>
</system-out>
</testcase>
</testsuite>
<testsuite name="dashboard-refactor.spec.ts" timestamp="2026-02-16T15:20:54.906Z" hostname="webkit" tests="4" failures="4" skipped="0" time="73.084" errors="0">
<testcase name="ðŸ“Š Dashboard Refactor â€º should display personalized header and progress bar" classname="dashboard-refactor.spec.ts" time="18.495">
<failure message="dashboard-refactor.spec.ts:11:3 should display personalized header and progress bar" type="FAILURE">
<![CDATA[  [webkit] â€º dashboard-refactor.spec.ts:11:3 â€º ðŸ“Š Dashboard Refactor â€º should display personalized header and progress bar 

    Error: expect(locator).toContainText(expected) failed

    Locator: locator('h1')
    Expected substring: "Bonjour"
    Timeout: 15000ms
    Error: element(s) not found

    Call log:
      - Expect "toContainText" with timeout 15000ms
      - waiting for locator('h1')


      12 |   test('should display personalized header and progress bar', async ({ page }) => {
      13 |     const header = page.locator('h1');
    > 14 |     await expect(header).toContainText('Bonjour');
         |                          ^
      15 |     
      16 |     const subtitle = page.locator('text=Votre espace de pilotage acadÃ©mique et professionnel.');
      17 |     await expect(subtitle).toBeVisible();
        at C:\TrailLearn\tests\e2e\dashboard-refactor.spec.ts:14:26

    attachment #1: screenshot (image/png) â”€â”€â”€â”€â”€â”€â”€â”€â”€â”€â”€â”€â”€â”€â”€â”€â”€â”€â”€â”€â”€â”€â”€â”€â”€â”€â”€â”€â”€â”€â”€â”€â”€â”€â”€â”€â”€â”€â”€â”€â”€â”€â”€â”€â”€â”€â”€â”€â”€â”€â”€â”€â”€â”€â”€â”€â”€â”€
    ..\..\test-results\dashboard-refactor-ðŸ“Š-Dash-d23e2-zed-header-and-progress-bar-webkit\test-failed-1.png
    â”€â”€â”€â”€â”€â”€â”€â”€â”€â”€â”€â”€â”€â”€â”€â”€â”€â”€â”€â”€â”€â”€â”€â”€â”€â”€â”€â”€â”€â”€â”€â”€â”€â”€â”€â”€â”€â”€â”€â”€â”€â”€â”€â”€â”€â”€â”€â”€â”€â”€â”€â”€â”€â”€â”€â”€â”€â”€â”€â”€â”€â”€â”€â”€â”€â”€â”€â”€â”€â”€â”€â”€â”€â”€â”€â”€â”€â”€â”€â”€â”€â”€â”€â”€â”€â”€â”€â”€â”€â”€â”€â”€â”€â”€â”€â”€

    attachment #2: video (video/webm) â”€â”€â”€â”€â”€â”€â”€â”€â”€â”€â”€â”€â”€â”€â”€â”€â”€â”€â”€â”€â”€â”€â”€â”€â”€â”€â”€â”€â”€â”€â”€â”€â”€â”€â”€â”€â”€â”€â”€â”€â”€â”€â”€â”€â”€â”€â”€â”€â”€â”€â”€â”€â”€â”€â”€â”€â”€â”€â”€â”€â”€â”€
    ..\..\test-results\dashboard-refactor-ðŸ“Š-Dash-d23e2-zed-header-and-progress-bar-webkit\video.webm
    â”€â”€â”€â”€â”€â”€â”€â”€â”€â”€â”€â”€â”€â”€â”€â”€â”€â”€â”€â”€â”€â”€â”€â”€â”€â”€â”€â”€â”€â”€â”€â”€â”€â”€â”€â”€â”€â”€â”€â”€â”€â”€â”€â”€â”€â”€â”€â”€â”€â”€â”€â”€â”€â”€â”€â”€â”€â”€â”€â”€â”€â”€â”€â”€â”€â”€â”€â”€â”€â”€â”€â”€â”€â”€â”€â”€â”€â”€â”€â”€â”€â”€â”€â”€â”€â”€â”€â”€â”€â”€â”€â”€â”€â”€â”€â”€

    Error Context: ..\..\test-results\dashboard-refactor-ðŸ“Š-Dash-d23e2-zed-header-and-progress-bar-webkit\error-context.md

    attachment #4: trace (application/zip) â”€â”€â”€â”€â”€â”€â”€â”€â”€â”€â”€â”€â”€â”€â”€â”€â”€â”€â”€â”€â”€â”€â”€â”€â”€â”€â”€â”€â”€â”€â”€â”€â”€â”€â”€â”€â”€â”€â”€â”€â”€â”€â”€â”€â”€â”€â”€â”€â”€â”€â”€â”€â”€â”€â”€â”€â”€
    ..\..\test-results\dashboard-refactor-ðŸ“Š-Dash-d23e2-zed-header-and-progress-bar-webkit\trace.zip
    Usage:

        npx playwright show-trace ..\..\test-results\dashboard-refactor-ðŸ“Š-Dash-d23e2-zed-header-and-progress-bar-webkit\trace.zip

    â”€â”€â”€â”€â”€â”€â”€â”€â”€â”€â”€â”€â”€â”€â”€â”€â”€â”€â”€â”€â”€â”€â”€â”€â”€â”€â”€â”€â”€â”€â”€â”€â”€â”€â”€â”€â”€â”€â”€â”€â”€â”€â”€â”€â”€â”€â”€â”€â”€â”€â”€â”€â”€â”€â”€â”€â”€â”€â”€â”€â”€â”€â”€â”€â”€â”€â”€â”€â”€â”€â”€â”€â”€â”€â”€â”€â”€â”€â”€â”€â”€â”€â”€â”€â”€â”€â”€â”€â”€â”€â”€â”€â”€â”€â”€â”€
]]>
</failure>
<system-out>
<![CDATA[
[[ATTACHMENT|dashboard-refactor-ðŸ“Š-Dash-d23e2-zed-header-and-progress-bar-webkit\test-failed-1.png]]

[[ATTACHMENT|dashboard-refactor-ðŸ“Š-Dash-d23e2-zed-header-and-progress-bar-webkit\video.webm]]

[[ATTACHMENT|dashboard-refactor-ðŸ“Š-Dash-d23e2-zed-header-and-progress-bar-webkit\error-context.md]]

[[ATTACHMENT|dashboard-refactor-ðŸ“Š-Dash-d23e2-zed-header-and-progress-bar-webkit\trace.zip]]
]]>
</system-out>
</testcase>
<testcase name="ðŸ“Š Dashboard Refactor â€º should display the 4 feature cards" classname="dashboard-refactor.spec.ts" time="18.328">
<failure message="dashboard-refactor.spec.ts:22:3 should display the 4 feature cards" type="FAILURE">
<![CDATA[  [webkit] â€º dashboard-refactor.spec.ts:22:3 â€º ðŸ“Š Dashboard Refactor â€º should display the 4 feature cards 

    Error: expect(locator).toBeVisible() failed

    Locator: locator('text=Coach IA â€“ Miroir Lucide')
    Expected: visible
    Timeout: 15000ms
    Error: element(s) not found

    Call log:
      - Expect "toBeVisible" with timeout 15000ms
      - waiting for locator('text=Coach IA â€“ Miroir Lucide')


      24 |   test('should display the 4 feature cards', async ({ page }) => {
      25 |     const coachCard = page.locator('text=Coach IA â€“ Miroir Lucide');
    > 26 |     await expect(coachCard).toBeVisible();
         |                             ^
      27 |
      28 |     const dvpCard = page.locator('text=DVP â€“ Dossier de ViabilitÃ©');
      29 |     await expect(dvpCard).toBeVisible();
        at C:\TrailLearn\tests\e2e\dashboard-refactor.spec.ts:26:29

    attachment #1: screenshot (image/png) â”€â”€â”€â”€â”€â”€â”€â”€â”€â”€â”€â”€â”€â”€â”€â”€â”€â”€â”€â”€â”€â”€â”€â”€â”€â”€â”€â”€â”€â”€â”€â”€â”€â”€â”€â”€â”€â”€â”€â”€â”€â”€â”€â”€â”€â”€â”€â”€â”€â”€â”€â”€â”€â”€â”€â”€â”€â”€
    ..\..\test-results\dashboard-refactor-ðŸ“Š-Dash-ce2ac-display-the-4-feature-cards-webkit\test-failed-1.png
    â”€â”€â”€â”€â”€â”€â”€â”€â”€â”€â”€â”€â”€â”€â”€â”€â”€â”€â”€â”€â”€â”€â”€â”€â”€â”€â”€â”€â”€â”€â”€â”€â”€â”€â”€â”€â”€â”€â”€â”€â”€â”€â”€â”€â”€â”€â”€â”€â”€â”€â”€â”€â”€â”€â”€â”€â”€â”€â”€â”€â”€â”€â”€â”€â”€â”€â”€â”€â”€â”€â”€â”€â”€â”€â”€â”€â”€â”€â”€â”€â”€â”€â”€â”€â”€â”€â”€â”€â”€â”€â”€â”€â”€â”€â”€â”€

    attachment #2: video (video/webm) â”€â”€â”€â”€â”€â”€â”€â”€â”€â”€â”€â”€â”€â”€â”€â”€â”€â”€â”€â”€â”€â”€â”€â”€â”€â”€â”€â”€â”€â”€â”€â”€â”€â”€â”€â”€â”€â”€â”€â”€â”€â”€â”€â”€â”€â”€â”€â”€â”€â”€â”€â”€â”€â”€â”€â”€â”€â”€â”€â”€â”€â”€
    ..\..\test-results\dashboard-refactor-ðŸ“Š-Dash-ce2ac-display-the-4-feature-cards-webkit\video.webm
    â”€â”€â”€â”€â”€â”€â”€â”€â”€â”€â”€â”€â”€â”€â”€â”€â”€â”€â”€â”€â”€â”€â”€â”€â”€â”€â”€â”€â”€â”€â”€â”€â”€â”€â”€â”€â”€â”€â”€â”€â”€â”€â”€â”€â”€â”€â”€â”€â”€â”€â”€â”€â”€â”€â”€â”€â”€â”€â”€â”€â”€â”€â”€â”€â”€â”€â”€â”€â”€â”€â”€â”€â”€â”€â”€â”€â”€â”€â”€â”€â”€â”€â”€â”€â”€â”€â”€â”€â”€â”€â”€â”€â”€â”€â”€â”€

    Error Context: ..\..\test-results\dashboard-refactor-ðŸ“Š-Dash-ce2ac-display-the-4-feature-cards-webkit\error-context.md

    attachment #4: trace (application/zip) â”€â”€â”€â”€â”€â”€â”€â”€â”€â”€â”€â”€â”€â”€â”€â”€â”€â”€â”€â”€â”€â”€â”€â”€â”€â”€â”€â”€â”€â”€â”€â”€â”€â”€â”€â”€â”€â”€â”€â”€â”€â”€â”€â”€â”€â”€â”€â”€â”€â”€â”€â”€â”€â”€â”€â”€â”€
    ..\..\test-results\dashboard-refactor-ðŸ“Š-Dash-ce2ac-display-the-4-feature-cards-webkit\trace.zip
    Usage:

        npx playwright show-trace ..\..\test-results\dashboard-refactor-ðŸ“Š-Dash-ce2ac-display-the-4-feature-cards-webkit\trace.zip

    â”€â”€â”€â”€â”€â”€â”€â”€â”€â”€â”€â”€â”€â”€â”€â”€â”€â”€â”€â”€â”€â”€â”€â”€â”€â”€â”€â”€â”€â”€â”€â”€â”€â”€â”€â”€â”€â”€â”€â”€â”€â”€â”€â”€â”€â”€â”€â”€â”€â”€â”€â”€â”€â”€â”€â”€â”€â”€â”€â”€â”€â”€â”€â”€â”€â”€â”€â”€â”€â”€â”€â”€â”€â”€â”€â”€â”€â”€â”€â”€â”€â”€â”€â”€â”€â”€â”€â”€â”€â”€â”€â”€â”€â”€â”€â”€
]]>
</failure>
<system-out>
<![CDATA[
[[ATTACHMENT|dashboard-refactor-ðŸ“Š-Dash-ce2ac-display-the-4-feature-cards-webkit\test-failed-1.png]]

[[ATTACHMENT|dashboard-refactor-ðŸ“Š-Dash-ce2ac-display-the-4-feature-cards-webkit\video.webm]]

[[ATTACHMENT|dashboard-refactor-ðŸ“Š-Dash-ce2ac-display-the-4-feature-cards-webkit\error-context.md]]

[[ATTACHMENT|dashboard-refactor-ðŸ“Š-Dash-ce2ac-display-the-4-feature-cards-webkit\trace.zip]]
]]>
</system-out>
</testcase>
<testcase name="ðŸ“Š Dashboard Refactor â€º should have working navigation links" classname="dashboard-refactor.spec.ts" time="18.27">
<failure message="dashboard-refactor.spec.ts:34:3 should have working navigation links" type="FAILURE">
<![CDATA[  [webkit] â€º dashboard-refactor.spec.ts:34:3 â€º ðŸ“Š Dashboard Refactor â€º should have working navigation links 

    TimeoutError: page.click: Timeout 15000ms exceeded.
    Call log:
      - waiting for locator('nav').locator('text=OpportunitÃ©s')


      38 |   test('should have working navigation links', async ({ page }) => {
      39 |     // Check Opportunities
    > 40 |     await page.click('nav >> text=OpportunitÃ©s');
         |                ^
      41 |     await expect(page).toHaveURL(/\/dashboard\/opportunities/);
      42 |     await expect(page.locator('h1')).toContainText('OpportunitÃ©s');
      43 |     await expect(page.locator('text=BientÃ´t disponible')).toBeVisible();
        at C:\TrailLearn\tests\e2e\dashboard-refactor.spec.ts:40:16

    attachment #1: screenshot (image/png) â”€â”€â”€â”€â”€â”€â”€â”€â”€â”€â”€â”€â”€â”€â”€â”€â”€â”€â”€â”€â”€â”€â”€â”€â”€â”€â”€â”€â”€â”€â”€â”€â”€â”€â”€â”€â”€â”€â”€â”€â”€â”€â”€â”€â”€â”€â”€â”€â”€â”€â”€â”€â”€â”€â”€â”€â”€â”€
    ..\..\test-results\dashboard-refactor-ðŸ“Š-Dash-57c57-ve-working-navigation-links-webkit\test-failed-1.png
    â”€â”€â”€â”€â”€â”€â”€â”€â”€â”€â”€â”€â”€â”€â”€â”€â”€â”€â”€â”€â”€â”€â”€â”€â”€â”€â”€â”€â”€â”€â”€â”€â”€â”€â”€â”€â”€â”€â”€â”€â”€â”€â”€â”€â”€â”€â”€â”€â”€â”€â”€â”€â”€â”€â”€â”€â”€â”€â”€â”€â”€â”€â”€â”€â”€â”€â”€â”€â”€â”€â”€â”€â”€â”€â”€â”€â”€â”€â”€â”€â”€â”€â”€â”€â”€â”€â”€â”€â”€â”€â”€â”€â”€â”€â”€â”€

    attachment #2: video (video/webm) â”€â”€â”€â”€â”€â”€â”€â”€â”€â”€â”€â”€â”€â”€â”€â”€â”€â”€â”€â”€â”€â”€â”€â”€â”€â”€â”€â”€â”€â”€â”€â”€â”€â”€â”€â”€â”€â”€â”€â”€â”€â”€â”€â”€â”€â”€â”€â”€â”€â”€â”€â”€â”€â”€â”€â”€â”€â”€â”€â”€â”€â”€
    ..\..\test-results\dashboard-refactor-ðŸ“Š-Dash-57c57-ve-working-navigation-links-webkit\video.webm
    â”€â”€â”€â”€â”€â”€â”€â”€â”€â”€â”€â”€â”€â”€â”€â”€â”€â”€â”€â”€â”€â”€â”€â”€â”€â”€â”€â”€â”€â”€â”€â”€â”€â”€â”€â”€â”€â”€â”€â”€â”€â”€â”€â”€â”€â”€â”€â”€â”€â”€â”€â”€â”€â”€â”€â”€â”€â”€â”€â”€â”€â”€â”€â”€â”€â”€â”€â”€â”€â”€â”€â”€â”€â”€â”€â”€â”€â”€â”€â”€â”€â”€â”€â”€â”€â”€â”€â”€â”€â”€â”€â”€â”€â”€â”€â”€

    Error Context: ..\..\test-results\dashboard-refactor-ðŸ“Š-Dash-57c57-ve-working-navigation-links-webkit\error-context.md

    attachment #4: trace (application/zip) â”€â”€â”€â”€â”€â”€â”€â”€â”€â”€â”€â”€â”€â”€â”€â”€â”€â”€â”€â”€â”€â”€â”€â”€â”€â”€â”€â”€â”€â”€â”€â”€â”€â”€â”€â”€â”€â”€â”€â”€â”€â”€â”€â”€â”€â”€â”€â”€â”€â”€â”€â”€â”€â”€â”€â”€â”€
    ..\..\test-results\dashboard-refactor-ðŸ“Š-Dash-57c57-ve-working-navigation-links-webkit\trace.zip
    Usage:

        npx playwright show-trace ..\..\test-results\dashboard-refactor-ðŸ“Š-Dash-57c57-ve-working-navigation-links-webkit\trace.zip

    â”€â”€â”€â”€â”€â”€â”€â”€â”€â”€â”€â”€â”€â”€â”€â”€â”€â”€â”€â”€â”€â”€â”€â”€â”€â”€â”€â”€â”€â”€â”€â”€â”€â”€â”€â”€â”€â”€â”€â”€â”€â”€â”€â”€â”€â”€â”€â”€â”€â”€â”€â”€â”€â”€â”€â”€â”€â”€â”€â”€â”€â”€â”€â”€â”€â”€â”€â”€â”€â”€â”€â”€â”€â”€â”€â”€â”€â”€â”€â”€â”€â”€â”€â”€â”€â”€â”€â”€â”€â”€â”€â”€â”€â”€â”€â”€
]]>
</failure>
<system-out>
<![CDATA[
[[ATTACHMENT|dashboard-refactor-ðŸ“Š-Dash-57c57-ve-working-navigation-links-webkit\test-failed-1.png]]

[[ATTACHMENT|dashboard-refactor-ðŸ“Š-Dash-57c57-ve-working-navigation-links-webkit\video.webm]]

[[ATTACHMENT|dashboard-refactor-ðŸ“Š-Dash-57c57-ve-working-navigation-links-webkit\error-context.md]]

[[ATTACHMENT|dashboard-refactor-ðŸ“Š-Dash-57c57-ve-working-navigation-links-webkit\trace.zip]]
]]>
</system-out>
</testcase>
<testcase name="ðŸ“Š Dashboard Refactor â€º should have disabled links for preview features in navbar" classname="dashboard-refactor.spec.ts" time="17.991">
<failure message="dashboard-refactor.spec.ts:49:3 should have disabled links for preview features in navbar" type="FAILURE">
<![CDATA[  [webkit] â€º dashboard-refactor.spec.ts:49:3 â€º ðŸ“Š Dashboard Refactor â€º should have disabled links for preview features in navbar 

    Error: expect(locator).toHaveClass(expected) failed

    Locator: locator('nav').locator('text=Mon DVP')
    Expected pattern: /cursor-not-allowed/
    Timeout: 15000ms
    Error: element(s) not found

    Call log:
      - Expect "toHaveClass" with timeout 15000ms
      - waiting for locator('nav').locator('text=Mon DVP')


      52 |   test('should have disabled links for preview features in navbar', async ({ page }) => {
      53 |     const dvpLink = page.locator('nav >> text=Mon DVP');
    > 54 |     await expect(dvpLink).toHaveClass(/cursor-not-allowed/);
         |                           ^
      55 |   });
      56 | });
      57 |
        at C:\TrailLearn\tests\e2e\dashboard-refactor.spec.ts:54:27

    attachment #1: screenshot (image/png) â”€â”€â”€â”€â”€â”€â”€â”€â”€â”€â”€â”€â”€â”€â”€â”€â”€â”€â”€â”€â”€â”€â”€â”€â”€â”€â”€â”€â”€â”€â”€â”€â”€â”€â”€â”€â”€â”€â”€â”€â”€â”€â”€â”€â”€â”€â”€â”€â”€â”€â”€â”€â”€â”€â”€â”€â”€â”€
    ..\..\test-results\dashboard-refactor-ðŸ“Š-Dash-274ac--preview-features-in-navbar-webkit\test-failed-1.png
    â”€â”€â”€â”€â”€â”€â”€â”€â”€â”€â”€â”€â”€â”€â”€â”€â”€â”€â”€â”€â”€â”€â”€â”€â”€â”€â”€â”€â”€â”€â”€â”€â”€â”€â”€â”€â”€â”€â”€â”€â”€â”€â”€â”€â”€â”€â”€â”€â”€â”€â”€â”€â”€â”€â”€â”€â”€â”€â”€â”€â”€â”€â”€â”€â”€â”€â”€â”€â”€â”€â”€â”€â”€â”€â”€â”€â”€â”€â”€â”€â”€â”€â”€â”€â”€â”€â”€â”€â”€â”€â”€â”€â”€â”€â”€â”€

    attachment #2: video (video/webm) â”€â”€â”€â”€â”€â”€â”€â”€â”€â”€â”€â”€â”€â”€â”€â”€â”€â”€â”€â”€â”€â”€â”€â”€â”€â”€â”€â”€â”€â”€â”€â”€â”€â”€â”€â”€â”€â”€â”€â”€â”€â”€â”€â”€â”€â”€â”€â”€â”€â”€â”€â”€â”€â”€â”€â”€â”€â”€â”€â”€â”€â”€
    ..\..\test-results\dashboard-refactor-ðŸ“Š-Dash-274ac--preview-features-in-navbar-webkit\video.webm
    â”€â”€â”€â”€â”€â”€â”€â”€â”€â”€â”€â”€â”€â”€â”€â”€â”€â”€â”€â”€â”€â”€â”€â”€â”€â”€â”€â”€â”€â”€â”€â”€â”€â”€â”€â”€â”€â”€â”€â”€â”€â”€â”€â”€â”€â”€â”€â”€â”€â”€â”€â”€â”€â”€â”€â”€â”€â”€â”€â”€â”€â”€â”€â”€â”€â”€â”€â”€â”€â”€â”€â”€â”€â”€â”€â”€â”€â”€â”€â”€â”€â”€â”€â”€â”€â”€â”€â”€â”€â”€â”€â”€â”€â”€â”€â”€

    Error Context: ..\..\test-results\dashboard-refactor-ðŸ“Š-Dash-274ac--preview-features-in-navbar-webkit\error-context.md

    attachment #4: trace (application/zip) â”€â”€â”€â”€â”€â”€â”€â”€â”€â”€â”€â”€â”€â”€â”€â”€â”€â”€â”€â”€â”€â”€â”€â”€â”€â”€â”€â”€â”€â”€â”€â”€â”€â”€â”€â”€â”€â”€â”€â”€â”€â”€â”€â”€â”€â”€â”€â”€â”€â”€â”€â”€â”€â”€â”€â”€â”€
    ..\..\test-results\dashboard-refactor-ðŸ“Š-Dash-274ac--preview-features-in-navbar-webkit\trace.zip
    Usage:

        npx playwright show-trace ..\..\test-results\dashboard-refactor-ðŸ“Š-Dash-274ac--preview-features-in-navbar-webkit\trace.zip

    â”€â”€â”€â”€â”€â”€â”€â”€â”€â”€â”€â”€â”€â”€â”€â”€â”€â”€â”€â”€â”€â”€â”€â”€â”€â”€â”€â”€â”€â”€â”€â”€â”€â”€â”€â”€â”€â”€â”€â”€â”€â”€â”€â”€â”€â”€â”€â”€â”€â”€â”€â”€â”€â”€â”€â”€â”€â”€â”€â”€â”€â”€â”€â”€â”€â”€â”€â”€â”€â”€â”€â”€â”€â”€â”€â”€â”€â”€â”€â”€â”€â”€â”€â”€â”€â”€â”€â”€â”€â”€â”€â”€â”€â”€â”€â”€
]]>
</failure>
<system-out>
<![CDATA[
[[ATTACHMENT|dashboard-refactor-ðŸ“Š-Dash-274ac--preview-features-in-navbar-webkit\test-failed-1.png]]

[[ATTACHMENT|dashboard-refactor-ðŸ“Š-Dash-274ac--preview-features-in-navbar-webkit\video.webm]]

[[ATTACHMENT|dashboard-refactor-ðŸ“Š-Dash-274ac--preview-features-in-navbar-webkit\error-context.md]]

[[ATTACHMENT|dashboard-refactor-ðŸ“Š-Dash-274ac--preview-features-in-navbar-webkit\trace.zip]]
]]>
</system-out>
</testcase>
</testsuite>
</testsuites>