<testsuites id="" name="" tests="18" failures="0" skipped="6" errors="0" time="41.085049999999995">
<testsuite name="example.spec.ts" timestamp="2026-01-16T11:00:39.259Z" hostname="chromium" tests="1" failures="0" skipped="0" time="1.962" errors="0">
<testcase name="Example Test Suite › should load homepage" classname="example.spec.ts" time="1.962">
</testcase>
</testsuite>
<testsuite name="security.spec.ts" timestamp="2026-01-16T11:00:39.259Z" hostname="chromium" tests="2" failures="0" skipped="0" time="9.078" errors="0">
<testcase name="🛡️ Safe Space &amp; Security › Unauthenticated user is redirected from Dashboard to Signin" classname="security.spec.ts" time="5.732">
</testcase>
<testcase name="🛡️ Safe Space &amp; Security › Unauthenticated user is redirected from Cockpit/DVP to Signin" classname="security.spec.ts" time="3.346">
</testcase>
</testsuite>
<testsuite name="user-journeys.spec.ts" timestamp="2026-01-16T11:00:39.259Z" hostname="chromium" tests="3" failures="0" skipped="2" time="2.731" errors="0">
<testcase name="👤 User Journey: Authentication › User can navigate to Sign In page from Landing" classname="user-journeys.spec.ts" time="2.731">
</testcase>
<testcase name="👤 User Journey: Authentication › Full Login Flow (Mocked)" classname="user-journeys.spec.ts" time="0">
<properties>
<property name="skip" value="">
</property>
</properties>
<skipped>
</skipped>
</testcase>
<testcase name="🚀 User Journey: DVP Tunnel › Start DVP -&gt; Complete Step 1" classname="user-journeys.spec.ts" time="0">
<properties>
<property name="skip" value="">
</property>
</properties>
<skipped>
</skipped>
</testcase>
</testsuite>
<testsuite name="example.spec.ts" timestamp="2026-01-16T11:00:39.259Z" hostname="firefox" tests="1" failures="0" skipped="0" time="4.179" errors="0">
<testcase name="Example Test Suite › should load homepage" classname="example.spec.ts" time="4.179">
</testcase>
</testsuite>
<testsuite name="security.spec.ts" timestamp="2026-01-16T11:00:39.259Z" hostname="firefox" tests="2" failures="0" skipped="0" time="9.024" errors="0">
<testcase name="🛡️ Safe Space &amp; Security › Unauthenticated user is redirected from Dashboard to Signin" classname="security.spec.ts" time="5.602">
</testcase>
<testcase name="🛡️ Safe Space &amp; Security › Unauthenticated user is redirected from Cockpit/DVP to Signin" classname="security.spec.ts" time="3.422">
</testcase>
</testsuite>
<testsuite name="user-journeys.spec.ts" timestamp="2026-01-16T11:00:39.259Z" hostname="firefox" tests="3" failures="0" skipped="2" time="4.175" errors="0">
<testcase name="👤 User Journey: Authentication › User can navigate to Sign In page from Landing" classname="user-journeys.spec.ts" time="4.175">
</testcase>
<testcase name="👤 User Journey: Authentication › Full Login Flow (Mocked)" classname="user-journeys.spec.ts" time="0">
<properties>
<property name="skip" value="">
</property>
</properties>
<skipped>
</skipped>
</testcase>
<testcase name="🚀 User Journey: DVP Tunnel › Start DVP -&gt; Complete Step 1" classname="user-journeys.spec.ts" time="0">
<properties>
<property name="skip" value="">
</property>
</properties>
<skipped>
</skipped>
</testcase>
</testsuite>
<testsuite name="example.spec.ts" timestamp="2026-01-16T11:00:39.259Z" hostname="webkit" tests="1" failures="0" skipped="0" time="1.474" errors="0">
<testcase name="Example Test Suite › should load homepage" classname="example.spec.ts" time="1.474">
</testcase>
</testsuite>
<testsuite name="security.spec.ts" timestamp="2026-01-16T11:00:39.259Z" hostname="webkit" tests="2" failures="0" skipped="0" time="6.364" errors="0">
<testcase name="🛡️ Safe Space &amp; Security › Unauthenticated user is redirected from Dashboard to Signin" classname="security.spec.ts" time="2.961">
</testcase>
<testcase name="🛡️ Safe Space &amp; Security › Unauthenticated user is redirected from Cockpit/DVP to Signin" classname="security.spec.ts" time="3.403">
</testcase>
</testsuite>
<testsuite name="user-journeys.spec.ts" timestamp="2026-01-16T11:00:39.259Z" hostname="webkit" tests="3" failures="0" skipped="2" time="2.875" errors="0">
<testcase name="👤 User Journey: Authentication › User can navigate to Sign In page from Landing" classname="user-journeys.spec.ts" time="2.875">
</testcase>
<testcase name="👤 User Journey: Authentication › Full Login Flow (Mocked)" classname="user-journeys.spec.ts" time="0">
<properties>
<property name="skip" value="">
</property>
</properties>
<skipped>
</skipped>
</testcase>
<testcase name="🚀 User Journey: DVP Tunnel › Start DVP -&gt; Complete Step 1" classname="user-journeys.spec.ts" time="0">
<properties>
<property name="skip" value="">
</property>
</properties>
<skipped>
</skipped>
</testcase>
</testsuite>
</testsuites>